<?xml version="1.0" encoding="UTF-8"?>
<!-- Generated by org.testng.reporters.JUnitXMLReporter -->
<testsuite hostname="LAPTOP-A7HIT538" ignored="4" name="Default test" tests="1" failures="0" timestamp="2022-01-31T14:56:36 IST" time="35.875" errors="0">
  <testcase name="validateSearchWebinarFunctionality" time="21.3" classname="com.codekuul.uitest.WebinarPageTest"/>
  <testcase name="validateStartDateField" time="0.0" classname="com.codekuul.uitest.WebinarPageTest">
    <ignored/>
  </testcase> <!-- validateStartDateField -->
  <testcase name="validateScheduleWebinarButton" time="0.0" classname="com.codekuul.uitest.WebinarPageTest">
    <ignored/>
  </testcase> <!-- validateScheduleWebinarButton -->
  <testcase name="validateEndDateField" time="0.0" classname="com.codekuul.uitest.WebinarPageTest">
    <ignored/>
  </testcase> <!-- validateEndDateField -->
  <testcase name="validateTitleOfPage" time="0.0" classname="com.codekuul.uitest.WebinarPageTest">
    <ignored/>
  </testcase> <!-- validateTitleOfPage -->
</testsuite> <!-- Default test -->
