<?xml version="1.0" encoding="UTF-8"?>
<!-- Generated by org.testng.reporters.JUnitXMLReporter -->
<testsuite hostname="LAPTOP-A7HIT538" ignored="0" name="Test" tests="2" failures="2" timestamp="2021-10-25T21:56:30 IST" time="16.6" errors="0">
  <testcase name="validateCompanyFieldForInvalidInput" time="13.552" classname="com.codekuul.uitest.SignUpPageTest">
    <failure type="java.lang.AssertionError" message="expected [true] but found [false]">
      <![CDATA[java.lang.AssertionError: expected [true] but found [false]
at com.codekuul.uitest.SignUpPageTest.validateCompanyFieldForInvalidInput(SignUpPageTest.java:72)
at java.util.ArrayList.forEach(ArrayList.java:1259)
... Removed 31 stack frames]]>
    </failure>
  </testcase> <!-- validateCompanyFieldForInvalidInput -->
  <testcase name="validateCompanyFieldForInvalidInput" time="16.576" classname="com.codekuul.uitest.SignUpPageTest">
    <failure type="java.lang.RuntimeException" message="java.lang.NullPointerException">
      <![CDATA[java.lang.RuntimeException: java.lang.NullPointerException
at ru.yandex.qatools.ashot.util.InnerScript.execute(InnerScript.java:32)
at ru.yandex.qatools.ashot.shooting.ViewportPastingDecorator.getFullHeight(ViewportPastingDecorator.java:67)
at ru.yandex.qatools.ashot.shooting.ViewportPastingDecorator.getScreenshot(ViewportPastingDecorator.java:41)
at ru.yandex.qatools.ashot.shooting.ViewportPastingDecorator.getScreenshot(ViewportPastingDecorator.java:35)
at ru.yandex.qatools.ashot.AShot.takeScreenshot(AShot.java:145)
at com.codekuul.util.TestListener.onTestFailure(TestListener.java:24)
at java.util.ArrayList.forEach(ArrayList.java:1259)
Caused by: java.lang.NullPointerException
at ru.yandex.qatools.ashot.util.InnerScript.execute(InnerScript.java:30)
... 30 more
... Removed 24 stack frames]]>
    </failure>
  </testcase> <!-- validateCompanyFieldForInvalidInput -->
</testsuite> <!-- Test -->
