<?xml version="1.0" encoding="UTF-8"?>
<testng-results skipped="0" failed="0" ignored="3" total="4" passed="1">
  <reporter-output>
  </reporter-output>
  <suite name="Default suite" duration-ms="53398" started-at="2021-12-09T10:33:15 IST" finished-at="2021-12-09T10:34:08 IST">
    <groups>
    </groups>
    <test name="Default test" duration-ms="53398" started-at="2021-12-09T10:33:15 IST" finished-at="2021-12-09T10:34:08 IST">
      <class name="com.codekuul.uitest.MyAccountPageTest">
        <test-method status="PASS" signature="setUP()[pri:0, instance:com.codekuul.uitest.MyAccountPageTest@543788f3]" name="setUP" is-config="true" duration-ms="41747" started-at="2021-12-09T10:33:15 IST" finished-at="2021-12-09T10:33:57 IST">
          <reporter-output>
          </reporter-output>
        </test-method> <!-- setUP -->
        <test-method status="PASS" signature="validateWebinarLink()[pri:0, instance:com.codekuul.uitest.MyAccountPageTest@543788f3]" name="validateWebinarLink" duration-ms="10853" started-at="2021-12-09T10:33:57 IST" finished-at="2021-12-09T10:34:07 IST">
          <reporter-output>
          </reporter-output>
        </test-method> <!-- validateWebinarLink -->
        <test-method status="PASS" signature="tearDown()[pri:0, instance:com.codekuul.uitest.MyAccountPageTest@543788f3]" name="tearDown" is-config="true" duration-ms="750" started-at="2021-12-09T10:34:07 IST" finished-at="2021-12-09T10:34:08 IST">
          <reporter-output>
          </reporter-output>
        </test-method> <!-- tearDown -->
      </class> <!-- com.codekuul.uitest.MyAccountPageTest -->
    </test> <!-- Default test -->
  </suite> <!-- Default suite -->
</testng-results>
